<?xml version="1.0" encoding="UTF-8"?>
<testng-results skipped="0" failed="1" ignored="0" total="4" passed="3">
  <reporter-output>
  </reporter-output>
  <suite name="Suite" duration-ms="41459" started-at="2020-09-20T05:46:20Z" finished-at="2020-09-20T05:47:02Z">
    <groups>
      <group name="cucumber">
        <method signature="AbstractTestNGCucumberTests.runScenario(io.cucumber.testng.PickleWrapper, io.cucumber.testng.FeatureWrapper)[pri:0, instance:tests.Runner5@5ec0a365]" name="runScenario" class="io.cucumber.testng.AbstractTestNGCucumberTests"/>
      </group> <!-- cucumber -->
    </groups>
    <test name="Test" duration-ms="41459" started-at="2020-09-20T05:46:20Z" finished-at="2020-09-20T05:47:02Z">
      <class name="tests.Runner5">
        <test-method status="PASS" signature="setUpClass()[pri:0, instance:tests.Runner5@5ec0a365]" name="setUpClass" is-config="true" duration-ms="547" started-at="2020-09-20T05:46:20Z" finished-at="2020-09-20T05:46:21Z">
          <reporter-output>
          </reporter-output>
        </test-method> <!-- setUpClass -->
        <test-method status="FAIL" signature="runScenario(io.cucumber.testng.PickleWrapper, io.cucumber.testng.FeatureWrapper)[pri:0, instance:tests.Runner5@5ec0a365]" name="runScenario" duration-ms="6679" started-at="2020-09-20T05:46:21Z" description="Runs Cucumber Scenarios" data-provider="scenarios" finished-at="2020-09-20T05:46:28Z">
          <params>
            <param index="0">
              <value>
                <![CDATA["Vaidate Gmail home page title"]]>
              </value>
            </param>
            <param index="1">
              <value>
                <![CDATA["Optional[Gmail Login]"]]>
              </value>
            </param>
          </params>
          <exception class="java.lang.AssertionError">
            <message>
              <![CDATA[expected [true] but found [false]]]>
            </message>
            <full-stacktrace>
              <![CDATA[java.lang.AssertionError: expected [true] but found [false]
at org.testng.Assert.fail(Assert.java:96)
at org.testng.Assert.failNotEquals(Assert.java:776)
at org.testng.Assert.assertTrue(Assert.java:44)
at org.testng.Assert.assertTrue(Assert.java:54)
at gluecode.StepDefs1.method3(StepDefs1.java:63)
at âœ½.title should be "gmail"(file:///E:/batch247/org.magnitia5.gmailbddtddpico/src/test/resources/features/feature1.feature:8)
]]>
            </full-stacktrace>
          </exception> <!-- java.lang.AssertionError -->
          <reporter-output>
          </reporter-output>
        </test-method> <!-- runScenario -->
        <test-method status="PASS" signature="runScenario(io.cucumber.testng.PickleWrapper, io.cucumber.testng.FeatureWrapper)[pri:0, instance:tests.Runner5@5ec0a365]" name="runScenario" duration-ms="11747" started-at="2020-09-20T05:46:28Z" description="Runs Cucumber Scenarios" data-provider="scenarios" finished-at="2020-09-20T05:46:39Z">
          <params>
            <param index="0">
              <value>
                <![CDATA["Validate Userid in home page"]]>
              </value>
            </param>
            <param index="1">
              <value>
                <![CDATA["Optional[Gmail Login]"]]>
              </value>
            </param>
          </params>
          <reporter-output>
          </reporter-output>
        </test-method> <!-- runScenario -->
        <test-method status="PASS" signature="runScenario(io.cucumber.testng.PickleWrapper, io.cucumber.testng.FeatureWrapper)[pri:0, instance:tests.Runner5@5ec0a365]" name="runScenario" duration-ms="11223" started-at="2020-09-20T05:46:39Z" description="Runs Cucumber Scenarios" data-provider="scenarios" finished-at="2020-09-20T05:46:51Z">
          <params>
            <param index="0">
              <value>
                <![CDATA["Validate Userid in home page"]]>
              </value>
            </param>
            <param index="1">
              <value>
                <![CDATA["Optional[Gmail Login]"]]>
              </value>
            </param>
          </params>
          <reporter-output>
          </reporter-output>
        </test-method> <!-- runScenario -->
        <test-method status="PASS" signature="runScenario(io.cucumber.testng.PickleWrapper, io.cucumber.testng.FeatureWrapper)[pri:0, instance:tests.Runner5@5ec0a365]" name="runScenario" duration-ms="11167" started-at="2020-09-20T05:46:51Z" description="Runs Cucumber Scenarios" data-provider="scenarios" finished-at="2020-09-20T05:47:02Z">
          <params>
            <param index="0">
              <value>
                <![CDATA["Validate Userid in home page"]]>
              </value>
            </param>
            <param index="1">
              <value>
                <![CDATA["Optional[Gmail Login]"]]>
              </value>
            </param>
          </params>
          <reporter-output>
          </reporter-output>
        </test-method> <!-- runScenario -->
        <test-method status="PASS" signature="tearDownClass()[pri:0, instance:tests.Runner5@5ec0a365]" name="tearDownClass" is-config="true" duration-ms="68" started-at="2020-09-20T05:47:02Z" finished-at="2020-09-20T05:47:02Z">
          <reporter-output>
          </reporter-output>
        </test-method> <!-- tearDownClass -->
      </class> <!-- tests.Runner5 -->
    </test> <!-- Test -->
  </suite> <!-- Suite -->
</testng-results>
